<?xml version="1.0" encoding="UTF-8"?>
<!-- Generated by org.testng.reporters.JUnitReportReporter -->
<testsuite hostname="Mansoors-MacBook-Pro.local" name="Test.Att_TestCase2" tests="1" failures="0" timestamp="23 Sep 2018 04:58:38 GMT" time="0.012" errors="0">
  <testcase name="test" time="0.012" classname="Test.Att_TestCase2"/>
</testsuite> <!-- Test.Att_TestCase2 -->
